<?xml version="1.0" encoding="UTF-8"?>
<testng-results ignored="0" total="2" passed="2" failed="0" skipped="0">
  <reporter-output>
  </reporter-output>
  <suite started-at="2021-08-09T21:19:57 IST" name="BrowserStack Suite" finished-at="2021-08-09T21:24:08 IST" duration-ms="251461">
    <groups>
    </groups>
    <test started-at="2021-08-09T21:19:57 IST" name="BrowserStack Chrome Test" finished-at="2021-08-09T21:20:12 IST" duration-ms="15352">
      <class name="com.web.test.SingleTest">
        <test-method is-config="true" signature="setup()[pri:0, instance:com.web.test.SingleTest@1356d4d4]" started-at="2021-08-09T21:19:57 IST" name="setup" finished-at="2021-08-09T21:20:01 IST" duration-ms="4568" status="PASS">
          <reporter-output>
          </reporter-output>
        </test-method> <!-- setup -->
        <test-method signature="testSearchBrowserStack()[pri:0, instance:com.web.test.SingleTest@1356d4d4]" started-at="2021-08-09T21:20:01 IST" name="testSearchBrowserStack" finished-at="2021-08-09T21:20:09 IST" duration-ms="8178" status="PASS">
          <reporter-output>
          </reporter-output>
        </test-method> <!-- testSearchBrowserStack -->
        <test-method is-config="true" signature="teardown()[pri:0, instance:com.web.test.SingleTest@1356d4d4]" started-at="2021-08-09T21:20:09 IST" name="teardown" finished-at="2021-08-09T21:20:12 IST" duration-ms="2561" status="PASS">
          <reporter-output>
          </reporter-output>
        </test-method> <!-- teardown -->
      </class> <!-- com.web.test.SingleTest -->
    </test> <!-- BrowserStack Chrome Test -->
    <test started-at="2021-08-09T21:19:57 IST" name="BrowserStack Firefox Test" finished-at="2021-08-09T21:24:08 IST" duration-ms="251461">
      <class name="com.app.test.AppiumSingleTest">
        <test-method is-config="true" signature="setupApp()[pri:0, instance:com.app.test.AppiumSingleTest@383bfa16]" started-at="2021-08-09T21:19:55 IST" name="setupApp" finished-at="2021-08-09T21:19:57 IST" duration-ms="1686" status="PASS">
          <reporter-output>
          </reporter-output>
        </test-method> <!-- setupApp -->
        <test-method is-config="true" signature="setup()[pri:0, instance:com.app.test.AppiumSingleTest@383bfa16]" started-at="2021-08-09T21:19:57 IST" name="setup" finished-at="2021-08-09T21:24:00 IST" duration-ms="243288" status="PASS">
          <reporter-output>
          </reporter-output>
        </test-method> <!-- setup -->
        <test-method signature="searchWikipedia()[pri:0, instance:com.app.test.AppiumSingleTest@383bfa16]" started-at="2021-08-09T21:24:00 IST" name="searchWikipedia" finished-at="2021-08-09T21:24:06 IST" duration-ms="5706" status="PASS">
          <reporter-output>
          </reporter-output>
        </test-method> <!-- searchWikipedia -->
        <test-method is-config="true" signature="tearDown()[pri:0, instance:com.app.test.AppiumSingleTest@383bfa16]" started-at="2021-08-09T21:24:06 IST" name="tearDown" finished-at="2021-08-09T21:24:08 IST" duration-ms="2466" status="PASS">
          <reporter-output>
          </reporter-output>
        </test-method> <!-- tearDown -->
      </class> <!-- com.app.test.AppiumSingleTest -->
    </test> <!-- BrowserStack Firefox Test -->
  </suite> <!-- BrowserStack Suite -->
</testng-results>
