<?xml version="1.0" encoding="UTF-8"?>
<testsuite xmlns:xsi="http://www.w3.org/2001/XMLSchema-instance" xsi:noNamespaceSchemaLocation="https://maven.apache.org/surefire/maven-surefire-plugin/xsd/surefire-test-report-3.0.xsd" version="3.0" name="TestSuite" time="253.343" tests="2" errors="0" skipped="0" failures="0">
  <properties>
[...]
</properties>
  <testcase name="testSearchBrowserStack" classname="com.web.test.SingleTest" time="8.203">
    <system-out><![CDATA[Using previously uploaded app...
acceptInsecureCerts=false
browserName=chrome
browserVersion=92.0.4515.107
chrome={chromedriverVersion=92.0.4515.43 (8c61b7e2989f2990d42f859cac71319137787cce-refs/branch-heads/4515@{#306}), userDataDir=C:\Windows\proxy\scoped_dir5524_708050764}
goog:chromeOptions={debuggerAddress=localhost:2207}
javascriptEnabled=true
networkConnectionEnabled=false
pageLoadStrategy=normal
platform=WINDOWS
platformName=WINDOWS
proxy=Proxy()
setWindowRect=true
strictFileInteractability=false
timeouts={implicit=0, pageLoad=300000, script=30000}
unhandledPromptBehavior=dismiss and notify
webauthn:extension:credBlob=true
webauthn:extension:largeBlob=true
webauthn:virtualAuthenticators=true
webdriver.remote.sessionid=f23b95a4b8f1f18c5f82816fc78c27e8d45828ac
]]></system-out>
    <system-err><![CDATA[SLF4J: Failed to load class "org.slf4j.impl.StaticLoggerBinder".
SLF4J: Defaulting to no-operation (NOP) logger implementation
SLF4J: See http://www.slf4j.org/codes.html#StaticLoggerBinder for further details.
Aug 09, 2021 9:20:01 PM org.openqa.selenium.remote.ProtocolHandshake createSession
INFO: Detected dialect: W3C
]]></system-err>
  </testcase>
  <testcase name="searchWikipedia" classname="com.app.test.AppiumSingleTest" time="5.704">
    <system-err><![CDATA[Aug 09, 2021 9:24:00 PM io.appium.java_client.remote.AppiumCommandExecutor$1 lambda$0
INFO: Detected dialect: OSS
]]></system-err>
  </testcase>
</testsuite>